# JRE version: OpenJDK Runtime Environment (11.0.12+7) (build 11.0.12+7-b1504.28-7817840)
# Java VM: OpenJDK 64-Bit Server VM (11.0.12+7-b1504.28-7817840, mixed mode, tiered, compressed oops, g1 gc, windows-amd64)
Heap:
 garbage-first heap   total 204800K, used 109161K [0x0000000081600000, 0x0000000100000000)
  region size 1024K, 48 young (49152K), 9 survivors (9216K)
 Metaspace       used 89250K, capacity 90189K, committed 90416K, reserved 1130496K
  class space    used 9666K, capacity 10051K, committed 10112K, reserved 1048576K
GC Heap History (20 events):
Event: 1.626 GC heap before
{Heap before GC invocations=1 (full 0):
 garbage-first heap   total 131072K, used 50297K [0x0000000081600000, 0x0000000100000000)
  region size 1024K, 47 young (48128K), 2 survivors (2048K)
 Metaspace       used 20870K, capacity 21109K, committed 21296K, reserved 1069056K
  class space    used 2217K, capacity 2319K, committed 2432K, reserved 1048576K
}
Event: 1.643 GC heap after
{Heap after GC invocations=2 (full 0):
 garbage-first heap   total 131072K, used 9164K [0x0000000081600000, 0x0000000100000000)
  region size 1024K, 6 young (6144K), 6 survivors (6144K)
 Metaspace       used 20870K, capacity 21109K, committed 21296K, reserved 1069056K
  class space    used 2217K, capacity 2319K, committed 2432K, reserved 1048576K
}
Event: 2.896 GC heap before
{Heap before GC invocations=3 (full 0):
 garbage-first heap   total 131072K, used 61388K [0x0000000081600000, 0x0000000100000000)
  region size 1024K, 52 young (53248K), 6 survivors (6144K)
 Metaspace       used 31844K, capacity 32269K, committed 32432K, reserved 1077248K
  class space    used 3844K, capacity 4009K, committed 4096K, reserved 1048576K
}
Event: 2.926 GC heap after
{Heap after GC invocations=4 (full 0):
 garbage-first heap   total 131072K, used 21404K [0x0000000081600000, 0x0000000100000000)
  region size 1024K, 7 young (7168K), 7 survivors (7168K)
 Metaspace       used 31844K, capacity 32269K, committed 32432K, reserved 1077248K
  class space    used 3844K, capacity 4009K, committed 4096K, reserved 1048576K
}
Event: 3.276 GC heap before
{Heap before GC invocations=4 (full 0):
 garbage-first heap   total 131072K, used 33692K [0x0000000081600000, 0x0000000100000000)
  region size 1024K, 20 young (20480K), 7 survivors (7168K)
 Metaspace       used 35336K, capacity 35767K, committed 35888K, reserved 1081344K
  class space    used 4456K, capacity 4620K, committed 4736K, reserved 1048576K
}
Event: 3.292 GC heap after
{Heap after GC invocations=5 (full 0):
 garbage-first heap   total 131072K, used 22381K [0x0000000081600000, 0x0000000100000000)
  region size 1024K, 2 young (2048K), 2 survivors (2048K)
 Metaspace       used 35336K, capacity 35767K, committed 35888K, reserved 1081344K
  class space    used 4456K, capacity 4620K, committed 4736K, reserved 1048576K
}
Event: 4.599 GC heap before
{Heap before GC invocations=6 (full 0):
 garbage-first heap   total 131072K, used 74605K [0x0000000081600000, 0x0000000100000000)
  region size 1024K, 53 young (54272K), 2 survivors (2048K)
 Metaspace       used 46169K, capacity 46742K, committed 46896K, reserved 1091584K
  class space    used 5532K, capacity 5755K, committed 5760K, reserved 1048576K
}
Event: 4.618 GC heap after
{Heap after GC invocations=7 (full 0):
 garbage-first heap   total 159744K, used 24684K [0x0000000081600000, 0x0000000100000000)
  region size 1024K, 6 young (6144K), 6 survivors (6144K)
 Metaspace       used 46169K, capacity 46742K, committed 46896K, reserved 1091584K
  class space    used 5532K, capacity 5755K, committed 5760K, reserved 1048576K
}
Event: 6.482 GC heap before
{Heap before GC invocations=8 (full 0):
 garbage-first heap   total 159744K, used 104556K [0x0000000081600000, 0x0000000100000000)
  region size 1024K, 81 young (82944K), 6 survivors (6144K)
 Metaspace       used 56067K, capacity 56694K, committed 56880K, reserved 1099776K
  class space    used 6660K, capacity 6950K, committed 7040K, reserved 1048576K
}
Event: 6.510 GC heap after
{Heap after GC invocations=9 (full 0):
 garbage-first heap   total 159744K, used 33214K [0x0000000081600000, 0x0000000100000000)
  region size 1024K, 11 young (11264K), 11 survivors (11264K)
 Metaspace       used 56067K, capacity 56694K, committed 56880K, reserved 1099776K
  class space    used 6660K, capacity 6950K, committed 7040K, reserved 1048576K
}
Event: 8.547 GC heap before
{Heap before GC invocations=9 (full 0):
 garbage-first heap   total 159744K, used 110014K [0x0000000081600000, 0x0000000100000000)
  region size 1024K, 86 young (88064K), 11 survivors (11264K)
 Metaspace       used 60539K, capacity 61317K, committed 61616K, reserved 1103872K
  class space    used 7044K, capacity 7378K, committed 7424K, reserved 1048576K
}
Event: 8.597 GC heap after
{Heap after GC invocations=10 (full 0):
 garbage-first heap   total 159744K, used 45195K [0x0000000081600000, 0x0000000100000000)
  region size 1024K, 11 young (11264K), 11 survivors (11264K)
 Metaspace       used 60539K, capacity 61317K, committed 61616K, reserved 1103872K
  class space    used 7044K, capacity 7378K, committed 7424K, reserved 1048576K
}
Event: 12.158 GC heap before
{Heap before GC invocations=10 (full 0):
 garbage-first heap   total 159744K, used 113803K [0x0000000081600000, 0x0000000100000000)
  region size 1024K, 78 young (79872K), 11 survivors (11264K)
 Metaspace       used 66986K, capacity 67840K, committed 68144K, reserved 1110016K
  class space    used 7614K, capacity 7951K, committed 8064K, reserved 1048576K
}
Event: 12.201 GC heap after
{Heap after GC invocations=11 (full 0):
 garbage-first heap   total 159744K, used 55424K [0x0000000081600000, 0x0000000100000000)
  region size 1024K, 10 young (10240K), 10 survivors (10240K)
 Metaspace       used 66986K, capacity 67840K, committed 68144K, reserved 1110016K
  class space    used 7614K, capacity 7951K, committed 8064K, reserved 1048576K
}
Event: 14.589 GC heap before
{Heap before GC invocations=11 (full 0):
 garbage-first heap   total 159744K, used 117888K [0x0000000081600000, 0x0000000100000000)
  region size 1024K, 71 young (72704K), 10 survivors (10240K)
 Metaspace       used 74541K, capacity 75518K, committed 75696K, reserved 1116160K
  class space    used 8290K, capacity 8660K, committed 8704K, reserved 1048576K
}
Event: 14.633 GC heap after
{Heap after GC invocations=12 (full 0):
 garbage-first heap   total 204800K, used 61952K [0x0000000081600000, 0x0000000100000000)
  region size 1024K, 6 young (6144K), 6 survivors (6144K)
 Metaspace       used 74541K, capacity 75518K, committed 75696K, reserved 1116160K
  class space    used 8290K, capacity 8660K, committed 8704K, reserved 1048576K
}
Event: 15.578 GC heap before
{Heap before GC invocations=12 (full 0):
 garbage-first heap   total 204800K, used 91648K [0x0000000081600000, 0x0000000100000000)
  region size 1024K, 36 young (36864K), 6 survivors (6144K)
 Metaspace       used 77766K, capacity 78660K, committed 78800K, reserved 1120256K
  class space    used 8610K, capacity 8982K, committed 9088K, reserved 1048576K
}
Event: 15.628 GC heap after
{Heap after GC invocations=13 (full 0):
 garbage-first heap   total 204800K, used 64979K [0x0000000081600000, 0x0000000100000000)
  region size 1024K, 9 young (9216K), 9 survivors (9216K)
 Metaspace       used 77766K, capacity 78660K, committed 78800K, reserved 1120256K
  class space    used 8610K, capacity 8982K, committed 9088K, reserved 1048576K
}
Event: 17.617 GC heap before
{Heap before GC invocations=14 (full 0):
 garbage-first heap   total 204800K, used 138707K [0x0000000081600000, 0x0000000100000000)
  region size 1024K, 81 young (82944K), 9 survivors (9216K)
 Metaspace       used 84574K, capacity 85495K, committed 85680K, reserved 1126400K
  class space    used 9287K, capacity 9660K, committed 9728K, reserved 1048576K
}
Event: 17.646 GC heap after
{Heap after GC invocations=15 (full 0):
 garbage-first heap   total 204800K, used 70249K [0x0000000081600000, 0x0000000100000000)
  region size 1024K, 9 young (9216K), 9 survivors (9216K)
 Metaspace       used 84574K, capacity 85495K, committed 85680K, reserved 1126400K
  class space    used 9287K, capacity 9660K, committed 9728K, reserved 1048576K
}

