# JRE version: OpenJDK Runtime Environment (11.0.12+7) (build 11.0.12+7-b1504.28-7817840)
# Java VM: OpenJDK 64-Bit Server VM (11.0.12+7-b1504.28-7817840, mixed mode, tiered, compressed oops, g1 gc, windows-amd64)
Heap:
 garbage-first heap   total 205824K, used 63488K [0x0000000081600000, 0x0000000100000000)
  region size 1024K, 6 young (6144K), 6 survivors (6144K)
 Metaspace       used 75348K, capacity 76254K, committed 76464K, reserved 1118208K
  class space    used 8329K, capacity 8692K, committed 8704K, reserved 1048576K
GC Heap History (17 events):
Event: 0.542 GC heap before
{Heap before GC invocations=0 (full 0):
 garbage-first heap   total 131072K, used 17408K [0x0000000081600000, 0x0000000100000000)
  region size 1024K, 14 young (14336K), 0 survivors (0K)
 Metaspace       used 9838K, capacity 9938K, committed 10112K, reserved 1058816K
  class space    used 843K, capacity 885K, committed 896K, reserved 1048576K
}
Event: 0.546 GC heap after
{Heap after GC invocations=1 (full 0):
 garbage-first heap   total 131072K, used 5244K [0x0000000081600000, 0x0000000100000000)
  region size 1024K, 2 young (2048K), 2 survivors (2048K)
 Metaspace       used 9838K, capacity 9938K, committed 10112K, reserved 1058816K
  class space    used 843K, capacity 885K, committed 896K, reserved 1048576K
}
Event: 1.664 GC heap before
{Heap before GC invocations=1 (full 0):
 garbage-first heap   total 131072K, used 50300K [0x0000000081600000, 0x0000000100000000)
  region size 1024K, 47 young (48128K), 2 survivors (2048K)
 Metaspace       used 20929K, capacity 21109K, committed 21296K, reserved 1069056K
  class space    used 2222K, capacity 2319K, committed 2432K, reserved 1048576K
}
Event: 1.685 GC heap after
{Heap after GC invocations=2 (full 0):
 garbage-first heap   total 131072K, used 9209K [0x0000000081600000, 0x0000000100000000)
  region size 1024K, 6 young (6144K), 6 survivors (6144K)
 Metaspace       used 20929K, capacity 21109K, committed 21296K, reserved 1069056K
  class space    used 2222K, capacity 2319K, committed 2432K, reserved 1048576K
}
Event: 3.082 GC heap before
{Heap before GC invocations=3 (full 0):
 garbage-first heap   total 131072K, used 61433K [0x0000000081600000, 0x0000000100000000)
  region size 1024K, 52 young (53248K), 6 survivors (6144K)
 Metaspace       used 31861K, capacity 32269K, committed 32432K, reserved 1077248K
  class space    used 3843K, capacity 4009K, committed 4096K, reserved 1048576K
}
Event: 3.113 GC heap after
{Heap after GC invocations=4 (full 0):
 garbage-first heap   total 131072K, used 21388K [0x0000000081600000, 0x0000000100000000)
  region size 1024K, 7 young (7168K), 7 survivors (7168K)
 Metaspace       used 31861K, capacity 32269K, committed 32432K, reserved 1077248K
  class space    used 3843K, capacity 4009K, committed 4096K, reserved 1048576K
}
Event: 3.446 GC heap before
{Heap before GC invocations=4 (full 0):
 garbage-first heap   total 131072K, used 33676K [0x0000000081600000, 0x0000000100000000)
  region size 1024K, 20 young (20480K), 7 survivors (7168K)
 Metaspace       used 35345K, capacity 35767K, committed 35888K, reserved 1081344K
  class space    used 4452K, capacity 4620K, committed 4736K, reserved 1048576K
}
Event: 3.461 GC heap after
{Heap after GC invocations=5 (full 0):
 garbage-first heap   total 131072K, used 21901K [0x0000000081600000, 0x0000000100000000)
  region size 1024K, 2 young (2048K), 2 survivors (2048K)
 Metaspace       used 35345K, capacity 35767K, committed 35888K, reserved 1081344K
  class space    used 4452K, capacity 4620K, committed 4736K, reserved 1048576K
}
Event: 4.808 GC heap before
{Heap before GC invocations=6 (full 0):
 garbage-first heap   total 131072K, used 75149K [0x0000000081600000, 0x0000000100000000)
  region size 1024K, 54 young (55296K), 2 survivors (2048K)
 Metaspace       used 46212K, capacity 46777K, committed 47024K, reserved 1091584K
  class space    used 5545K, capacity 5787K, committed 5888K, reserved 1048576K
}
Event: 4.827 GC heap after
{Heap after GC invocations=7 (full 0):
 garbage-first heap   total 161792K, used 24211K [0x0000000081600000, 0x0000000100000000)
  region size 1024K, 6 young (6144K), 6 survivors (6144K)
 Metaspace       used 46212K, capacity 46777K, committed 47024K, reserved 1091584K
  class space    used 5545K, capacity 5787K, committed 5888K, reserved 1048576K
}
Event: 6.956 GC heap before
{Heap before GC invocations=8 (full 0):
 garbage-first heap   total 161792K, used 105107K [0x0000000081600000, 0x0000000100000000)
  region size 1024K, 82 young (83968K), 6 survivors (6144K)
 Metaspace       used 56184K, capacity 56889K, committed 57136K, reserved 1099776K
  class space    used 6659K, capacity 6951K, committed 7040K, reserved 1048576K
}
Event: 6.986 GC heap after
{Heap after GC invocations=9 (full 0):
 garbage-first heap   total 161792K, used 33485K [0x0000000081600000, 0x0000000100000000)
  region size 1024K, 11 young (11264K), 11 survivors (11264K)
 Metaspace       used 56184K, capacity 56889K, committed 57136K, reserved 1099776K
  class space    used 6659K, capacity 6951K, committed 7040K, reserved 1048576K
}
Event: 9.571 GC heap before
{Heap before GC invocations=9 (full 0):
 garbage-first heap   total 161792K, used 111309K [0x0000000081600000, 0x0000000100000000)
  region size 1024K, 87 young (89088K), 11 survivors (11264K)
 Metaspace       used 61122K, capacity 61820K, committed 61872K, reserved 1103872K
  class space    used 7099K, capacity 7417K, committed 7424K, reserved 1048576K
}
Event: 9.621 GC heap after
{Heap after GC invocations=10 (full 0):
 garbage-first heap   total 161792K, used 45585K [0x0000000081600000, 0x0000000100000000)
  region size 1024K, 11 young (11264K), 11 survivors (11264K)
 Metaspace       used 61122K, capacity 61820K, committed 61872K, reserved 1103872K
  class space    used 7099K, capacity 7417K, committed 7424K, reserved 1048576K
}
Event: 14.848 GC heap before
{Heap before GC invocations=10 (full 0):
 garbage-first heap   total 161792K, used 116241K [0x0000000081600000, 0x0000000100000000)
  region size 1024K, 80 young (81920K), 11 survivors (11264K)
 Metaspace       used 67661K, capacity 68558K, committed 68912K, reserved 1110016K
  class space    used 7627K, capacity 7955K, committed 8064K, reserved 1048576K
}
Event: 14.908 GC heap after
{Heap after GC invocations=11 (full 0):
 garbage-first heap   total 161792K, used 56832K [0x0000000081600000, 0x0000000100000000)
  region size 1024K, 10 young (10240K), 10 survivors (10240K)
 Metaspace       used 67661K, capacity 68558K, committed 68912K, reserved 1110016K
  class space    used 7627K, capacity 7955K, committed 8064K, reserved 1048576K
}
Event: 17.522 GC heap before
{Heap before GC invocations=11 (full 0):
 garbage-first heap   total 161792K, used 119296K [0x0000000081600000, 0x0000000100000000)
  region size 1024K, 71 young (72704K), 10 survivors (10240K)
 Metaspace       used 75348K, capacity 76254K, committed 76464K, reserved 1118208K
  class space    used 8329K, capacity 8692K, committed 8704K, reserved 1048576K
}

